\BOOKMARK [0][-]{chapter.1}{\376\377\000P\000r\000e\000\341\000m\000b\000u\000l\000o}{}% 1
\BOOKMARK [1][-]{section.1.1}{\376\377\000l\000a\000r\000g\000e\000\040\000N\000u\000e\000s\000t\000r\000o\000\040\000c\000o\000n\000t\000a\000c\000t\000o}{chapter.1}% 2
\BOOKMARK [1][-]{section.1.2}{\376\377\000l\000a\000r\000g\000e\000\040\000\277\000Q\000u\000i\000e\000n\000e\000s\000\040\000s\000o\000m\000o\000?}{chapter.1}% 3
\BOOKMARK [1][-]{section.1.3}{\376\377\000l\000a\000r\000g\000e\000\040\000D\000o\000c\000e\000n\000t\000e\000s\000\040\000a\000\040\000c\000a\000r\000g\000o}{chapter.1}% 4
\BOOKMARK [1][-]{section.1.4}{\376\377\000A\000g\000r\000a\000d\000e\000c\000i\000m\000i\000e\000n\000t\000o\000s}{chapter.1}% 5
\BOOKMARK [1][-]{section.1.5}{\376\377\000L\000e\000n\000g\000u\000a\000j\000e\000s\000\040\000u\000s\000a\000d\000o\000s}{chapter.1}% 6
\BOOKMARK [1][-]{section.1.6}{\376\377\000P\000r\000o\000g\000r\000a\000m\000a\000s\000\040\000u\000t\000i\000l\000i\000z\000a\000d\000o\000s}{chapter.1}% 7
\BOOKMARK [0][-]{chapter.2}{\376\377\000I\000n\000t\000r\000o\000d\000u\000c\000c\000i\000\363\000n}{}% 8
\BOOKMARK [1][-]{section.2.1}{\376\377\000\277\000Q\000u\000e\000\040\000e\000s\000\040\000O\000I\000B\000s\000l\000e\000e\000p\000?}{chapter.2}% 9
\BOOKMARK [1][-]{section.2.2}{\376\377\000U\000t\000i\000l\000i\000d\000a\000d\000e\000s\000\040\000d\000e\000l\000\040\000p\000r\000o\000y\000e\000c\000t\000o}{chapter.2}% 10
\BOOKMARK [1][-]{section.2.3}{\376\377\000I\000m\000p\000a\000c\000t\000o\000\040\000e\000n\000\040\000A\000r\000g\000e\000n\000t\000i\000n\000a}{chapter.2}% 11
\BOOKMARK [2][-]{subsection.2.3.1}{\376\377\000I\000m\000p\000a\000c\000t\000o\000\040\000e\000n\000\040\000l\000a\000\040\000s\000a\000l\000u\000d\000\040\000p\000\372\000b\000l\000i\000c\000a}{section.2.3}% 12
\BOOKMARK [2][-]{subsection.2.3.2}{\376\377\000I\000m\000p\000a\000c\000t\000o\000\040\000e\000n\000\040\000h\000o\000s\000p\000i\000t\000a\000l\000e\000s\000\040\000y\000\040\000c\000e\000n\000t\000r\000o\000s\000\040\000d\000e\000\040\000s\000a\000l\000u\000d}{section.2.3}% 13
\BOOKMARK [2][-]{subsection.2.3.3}{\376\377\000I\000m\000p\000a\000c\000t\000o\000\040\000e\000n\000\040\000e\000l\000\040\000m\000e\000r\000c\000a\000d\000o\000\040\000a\000r\000g\000e\000n\000t\000i\000n\000o}{section.2.3}% 14
\BOOKMARK [1][-]{section.2.4}{\376\377\000\277\000P\000o\000r\000\040\000q\000u\000\351\000\040\000O\000I\000B\000s\000l\000e\000e\000p\000?}{chapter.2}% 15
\BOOKMARK [2][-]{subsection.2.4.1}{\376\377\000U\000s\000u\000a\000r\000i\000o\000s\000\040\000q\000u\000e\000\040\000a\000y\000u\000d\000a}{section.2.4}% 16
\BOOKMARK [2][-]{subsection.2.4.2}{\376\377\000L\000i\000m\000i\000t\000a\000c\000i\000o\000n\000e\000s\000\040\000d\000e\000\040\000l\000o\000s\000\040\000m\000\351\000t\000o\000d\000o\000s\000\040\000t\000r\000a\000d\000i\000c\000i\000o\000n\000a\000l\000e\000s}{section.2.4}% 17
\BOOKMARK [2][-]{subsection.2.4.3}{\376\377\000L\000a\000\040\000i\000m\000p\000o\000r\000t\000a\000n\000c\000i\000a\000\040\000d\000e\000l\000\040\000c\000o\000n\000f\000o\000r\000t\000\040\000t\000\351\000r\000m\000i\000c\000o\000\040\000d\000u\000r\000a\000n\000t\000e\000\040\000e\000l\000\040\000s\000u\000e\000\361\000o}{section.2.4}% 18
\BOOKMARK [2][-]{subsection.2.4.4}{\376\377\000U\000n\000a\000\040\000s\000o\000l\000u\000c\000i\000\363\000n\000\040\000p\000e\000r\000s\000o\000n\000a\000l\000i\000z\000a\000d\000a\000\040\000y\000\040\000d\000i\000r\000e\000c\000t\000a}{section.2.4}% 19
\BOOKMARK [2][-]{subsection.2.4.5}{\376\377\000C\000o\000n\000f\000o\000r\000t\000\040\000d\000e\000s\000d\000e\000\040\000e\000l\000\040\000p\000r\000i\000m\000e\000r\000\040\000m\000o\000m\000e\000n\000t\000o}{section.2.4}% 20
\BOOKMARK [0][-]{chapter.3}{\376\377\000E\000s\000t\000r\000u\000c\000t\000u\000r\000a}{}% 21
\BOOKMARK [1][-]{section.3.1}{\376\377\000\277\000C\000o\000m\000o\000\040\000e\000s\000t\000a\000\040\000e\000s\000t\000r\000u\000c\000t\000u\000r\000a\000d\000a\000\040\000l\000a\000\040\000c\000a\000m\000a\000?}{chapter.3}% 22
\BOOKMARK [1][-]{section.3.2}{\376\377\000\277\000C\000o\000m\000o\000\040\000e\000s\000t\000a\000\040\000e\000s\000t\000r\000u\000c\000t\000u\000r\000a\000d\000o\000\040\000e\000l\000\040\000b\000r\000a\000z\000a\000l\000e\000t\000e\000?}{chapter.3}% 23
\BOOKMARK [1][-]{section.3.3}{\376\377\000\277\000C\000o\000m\000o\000\040\000e\000s\000t\000\341\000n\000\040\000e\000s\000t\000r\000u\000c\000t\000u\000r\000a\000d\000o\000s\000\040\000l\000o\000s\000\040\000t\000a\000n\000q\000u\000e\000s\000?}{chapter.3}% 24
\BOOKMARK [2][-]{subsection.3.3.1}{\376\377\000\277\000C\000o\000m\000o\000\040\000e\000s\000t\000\341\000n\000\040\000c\000o\000l\000o\000c\000a\000d\000o\000s\000?}{section.3.3}% 25
\BOOKMARK [2][-]{subsection.3.3.2}{\376\377\000C\000\341\000l\000c\000u\000l\000o\000s\000\040\000d\000e\000\040\000t\000e\000m\000p\000e\000r\000a\000t\000u\000r\000a\000\040\000p\000a\000r\000a\000\040\000e\000l\000\040\000a\000g\000u\000a\000\040\000f\000r\000\355\000a}{section.3.3}% 26
\BOOKMARK [0][-]{chapter.4}{\376\377\000C\000i\000r\000c\000u\000i\000t\000o\000s}{}% 27
\BOOKMARK [1][-]{section.4.1}{\376\377\000R\000e\000s\000u\000m\000e\000n}{chapter.4}% 28
\BOOKMARK [2][-]{subsection.4.1.1}{\376\377\000P\000u\000l\000s\000e\000r\000a}{section.4.1}% 29
\BOOKMARK [2][-]{subsection.4.1.2}{\376\377\000B\000o\000m\000b\000a\000s\000\040\000d\000e\000\040\000a\000g\000u\000a}{section.4.1}% 30
\BOOKMARK [0][-]{chapter.5}{\376\377\000C\000\363\000d\000i\000g\000o}{}% 31
\BOOKMARK [1][-]{section.5.1}{\376\377\000R\000e\000s\000u\000m\000e\000n}{chapter.5}% 32
\BOOKMARK [1][-]{section.5.2}{\376\377\000E\000x\000p\000l\000i\000c\000a\000c\000i\000\363\000n\000\040\000T\000\351\000c\000n\000i\000c\000a\000\040\000D\000e\000t\000a\000l\000l\000a\000d\000a\000\040\000-\000\040\000P\000r\000e\000s\000e\000n\000c\000e\000\040\000D\000e\000t\000e\000c\000t\000o\000r}{chapter.5}% 33
\BOOKMARK [2][-]{subsection.5.2.1}{\376\377\000A\000r\000q\000u\000i\000t\000e\000c\000t\000u\000r\000a\000\040\000G\000e\000n\000e\000r\000a\000l\000\040\000d\000e\000l\000\040\000S\000i\000s\000t\000e\000m\000a}{section.5.2}% 34
\BOOKMARK [2][-]{subsection.5.2.2}{\376\377\000C\000l\000a\000s\000e\000\040\000P\000r\000i\000n\000c\000i\000p\000a\000l\000:\000\040\000B\000e\000d\000P\000r\000e\000s\000e\000n\000c\000e\000D\000e\000t\000e\000c\000t\000o\000r}{section.5.2}% 35
\BOOKMARK [2][-]{subsection.5.2.3}{\376\377\000M\000\351\000t\000o\000d\000o\000\040\000P\000r\000i\000n\000c\000i\000p\000a\000l\000:\000\040\000d\000e\000t\000e\000c\000t\000\137\000p\000r\000e\000s\000e\000n\000c\000e\000\050\000\051}{section.5.2}% 36
\BOOKMARK [2][-]{subsection.5.2.4}{\376\377\000M\000e\000c\000a\000n\000i\000s\000m\000o\000\040\000d\000e\000\040\000H\000i\000s\000t\000\351\000r\000e\000s\000i\000s}{section.5.2}% 37
\BOOKMARK [2][-]{subsection.5.2.5}{\376\377\000G\000e\000s\000t\000i\000\363\000n\000\040\000d\000e\000l\000\040\000B\000a\000s\000e\000l\000i\000n\000e\000\040\000T\000\351\000r\000m\000i\000c\000o}{section.5.2}% 38
\BOOKMARK [2][-]{subsection.5.2.6}{\376\377\000M\000\351\000t\000o\000d\000o\000s\000\040\000d\000e\000\040\000U\000t\000i\000l\000i\000d\000a\000d\000\040\000y\000\040\000D\000e\000b\000u\000g\000g\000i\000n\000g}{section.5.2}% 39
\BOOKMARK [2][-]{subsection.5.2.7}{\376\377\000C\000o\000n\000s\000i\000d\000e\000r\000a\000c\000i\000o\000n\000e\000s\000\040\000d\000e\000\040\000D\000i\000s\000e\000\361\000o}{section.5.2}% 40
\BOOKMARK [2][-]{subsection.5.2.8}{\376\377\000R\000e\000t\000o\000r\000n\000o\000\040\000d\000e\000l\000\040\000M\000\351\000t\000o\000d\000o\000\040\000P\000r\000i\000n\000c\000i\000p\000a\000l}{section.5.2}% 41
\BOOKMARK [1][-]{section.5.3}{\376\377\000l\000a\000r\000g\000e\000\040\000D\000i\000a\000g\000r\000a\000m\000a\000\040\000p\000r\000e\000s\000e\000n\000c\000e\000\137\000d\000e\000t\000e\000c\000t\000o\000r}{chapter.5}% 42
\BOOKMARK [1][-]{section.5.4}{\376\377\000M\000\363\000d\000u\000l\000o\000\040\000d\000e\000\040\000a\000n\000\341\000l\000i\000s\000i\000s\000\040\000d\000e\000\040\000s\000e\000\361\000a\000l\000e\000s\000\040\000f\000i\000s\000i\000o\000l\000\363\000g\000i\000c\000a\000s\000:\000\040\000a\000n\000a\000l\000y\000z\000e\000r\000.\000p\000y}{chapter.5}% 43
\BOOKMARK [2][-]{subsection.5.4.1}{\376\377\000A\000r\000q\000u\000i\000t\000e\000c\000t\000u\000r\000a\000\040\000g\000e\000n\000e\000r\000a\000l}{section.5.4}% 44
\BOOKMARK [2][-]{subsection.5.4.2}{\376\377\000F\000u\000n\000c\000i\000o\000n\000e\000s\000\040\000p\000r\000i\000n\000c\000i\000p\000a\000l\000e\000s}{section.5.4}% 45
\BOOKMARK [2][-]{subsection.5.4.3}{\376\377\000E\000n\000t\000r\000a\000d\000a\000s\000\040\000y\000\040\000s\000a\000l\000i\000d\000a\000s}{section.5.4}% 46
\BOOKMARK [2][-]{subsection.5.4.4}{\376\377\000S\000u\000p\000u\000e\000s\000t\000o\000s\000\040\000y\000\040\000c\000o\000n\000s\000i\000d\000e\000r\000a\000c\000i\000o\000n\000e\000s\000\040\000t\000e\000m\000p\000o\000r\000a\000l\000e\000s}{section.5.4}% 47
\BOOKMARK [2][-]{subsection.5.4.5}{\376\377\000C\000a\000s\000o\000s\000\040\000l\000\355\000m\000i\000t\000e\000\040\000y\000\040\000e\000s\000t\000r\000a\000t\000e\000g\000i\000a\000s\000\040\000d\000e\000\040\000v\000a\000l\000i\000d\000a\000c\000i\000\363\000n}{section.5.4}% 48
\BOOKMARK [2][-]{subsection.5.4.6}{\376\377\000R\000e\000c\000o\000m\000e\000n\000d\000a\000c\000i\000o\000n\000e\000s\000\040\000p\000a\000r\000a\000\040\000u\000s\000o\000\040\000e\000n\000\040\000p\000r\000o\000d\000u\000c\000c\000i\000\363\000n}{section.5.4}% 49
\BOOKMARK [2][-]{subsection.5.4.7}{\376\377\000F\000o\000r\000m\000a\000t\000o\000\040\000d\000e\000\040\000s\000a\000l\000i\000d\000a\000\040\000y\000\040\000c\000o\000n\000s\000u\000m\000o\000\040\000d\000e\000\040\000r\000e\000s\000u\000l\000t\000a\000d\000o\000s}{section.5.4}% 50
\BOOKMARK [2][-]{subsection.5.4.8}{\376\377\000E\000j\000e\000m\000p\000l\000o\000\040\000d\000e\000\040\000u\000s\000o}{section.5.4}% 51
\BOOKMARK [2][-]{subsection.5.4.9}{\376\377\000R\000e\000f\000e\000r\000e\000n\000c\000i\000a\000s\000\040\000s\000u\000g\000e\000r\000i\000d\000a\000s}{section.5.4}% 52
